e:\程序\语言程序\windows编程\贪吃蛇\贪吃蛇\贪吃蛇\debug\vc140.pdb
e:\程序\语言程序\windows编程\贪吃蛇\贪吃蛇\贪吃蛇\debug\vc140.idb
e:\程序\语言程序\windows编程\贪吃蛇\贪吃蛇\贪吃蛇\debug\actionfunction.obj
e:\程序\语言程序\windows编程\贪吃蛇\贪吃蛇\贪吃蛇\debug\openinitfunction.obj
e:\程序\语言程序\windows编程\贪吃蛇\贪吃蛇\贪吃蛇\debug\snakerunfunction.obj
e:\程序\语言程序\windows编程\贪吃蛇\贪吃蛇\贪吃蛇\debug\twogameplayers.obj
e:\程序\语言程序\windows编程\贪吃蛇\贪吃蛇\贪吃蛇\debug\win32project.obj
e:\程序\语言程序\windows编程\贪吃蛇\贪吃蛇\debug\贪吃蛇.ilk
e:\程序\语言程序\windows编程\贪吃蛇\贪吃蛇\debug\贪吃蛇.exe
e:\程序\语言程序\windows编程\贪吃蛇\贪吃蛇\贪吃蛇\debug\贪吃蛇.exe.intermediate.manifest
e:\程序\语言程序\windows编程\贪吃蛇\贪吃蛇\debug\贪吃蛇.pdb
e:\程序\语言程序\windows编程\贪吃蛇\贪吃蛇\debug\贪吃蛇.exe.manifest
e:\程序\语言程序\windows编程\贪吃蛇\贪吃蛇\贪吃蛇\debug\resource.res
e:\程序\语言程序\windows编程\贪吃蛇\贪吃蛇\贪吃蛇\debug\snakeresource.res
e:\程序\语言程序\windows编程\贪吃蛇\贪吃蛇\贪吃蛇\debug\贪吃蛇.tlog\cl.command.1.tlog
e:\程序\语言程序\windows编程\贪吃蛇\贪吃蛇\贪吃蛇\debug\贪吃蛇.tlog\cl.read.1.tlog
e:\程序\语言程序\windows编程\贪吃蛇\贪吃蛇\贪吃蛇\debug\贪吃蛇.tlog\cl.write.1.tlog
e:\程序\语言程序\windows编程\贪吃蛇\贪吃蛇\贪吃蛇\debug\贪吃蛇.tlog\link.command.1.tlog
e:\程序\语言程序\windows编程\贪吃蛇\贪吃蛇\贪吃蛇\debug\贪吃蛇.tlog\link.read.1.tlog
e:\程序\语言程序\windows编程\贪吃蛇\贪吃蛇\贪吃蛇\debug\贪吃蛇.tlog\link.write.1.tlog
e:\程序\语言程序\windows编程\贪吃蛇\贪吃蛇\贪吃蛇\debug\贪吃蛇.tlog\mt.command.1.tlog
e:\程序\语言程序\windows编程\贪吃蛇\贪吃蛇\贪吃蛇\debug\贪吃蛇.tlog\mt.read.1.tlog
e:\程序\语言程序\windows编程\贪吃蛇\贪吃蛇\贪吃蛇\debug\贪吃蛇.tlog\mt.write.1.tlog
e:\程序\语言程序\windows编程\贪吃蛇\贪吃蛇\贪吃蛇\debug\贪吃蛇.tlog\rc.command.1.tlog
e:\程序\语言程序\windows编程\贪吃蛇\贪吃蛇\贪吃蛇\debug\贪吃蛇.tlog\rc.read.1.tlog
e:\程序\语言程序\windows编程\贪吃蛇\贪吃蛇\贪吃蛇\debug\贪吃蛇.tlog\rc.write.1.tlog
